[Thu Jul 21 12:35:28.394 2011] 0.045 sec [all/2/rel 1 (0,20)] [cabinet_core] ecdys
[Thu Jul 21 12:40:28.906 2011] 0.000 sec [all/2/rel 1 (0,20)] [cabinet_core] ecdys
[Thu Jul 21 12:40:44.060 2011] 0.000 sec [all/2/rel 1 (0,20)] [cabinet_core] ecdys
[Thu Jul 21 12:41:16.205 2011] 0.000 sec [all/2/rel 1 (0,20)] [cabinet_core] ecdys
[Thu Jul 21 12:41:30.167 2011] 0.000 sec [all/2/rel 1 (0,20)] [cabinet_core] laurent
[Thu Jul 21 12:41:46.942 2011] 0.000 sec [all/2/rel 2 (0,20)] [cabinet_core] conseil
[Thu Jul 21 12:42:34.768 2011] 0.000 sec [all/2/rel 0 (0,20)] [cabinet_core] conseil+business
[Thu Jul 21 12:42:52.753 2011] 0.000 sec [all/2/rel 1 (0,20)] [cabinet_core] ecdys
[Thu Jul 21 12:43:31.156 2011] 0.000 sec [all/2/rel 1 (0,20)] [cabinet_core] conseil direction générale
[Thu Jul 21 12:43:35.374 2011] 0.000 sec [all/2/rel 1 (0,20)] [cabinet_core] "conseil direction générale"
[Thu Jul 21 12:43:42.631 2011] 0.000 sec [all/2/rel 1 (0,20)] [cabinet_core] 'conseil direction générale'
[Thu Jul 21 12:46:24.449 2011] 0.000 sec [scan/2/rel 2 (0,20)] [cabinet_core]
[Thu Jul 21 12:47:14.286 2011] 0.000 sec [scan/2/rel 2 (0,20)] [cabinet_core]
[Thu Jul 21 12:47:52.324 2011] 0.000 sec [scan/2/rel 4 (0,1000) @name_facet] [cabinet_core]
[Thu Jul 21 12:47:52.481 2011] 0.000 sec [scan/2/rel 2 (0,20)] [cabinet_core]
[Thu Jul 21 12:51:46.184 2011] 0.000 sec [scan/2/rel 4 (0,1000) @tags_facet] [cabinet_core]
[Thu Jul 21 12:51:46.225 2011] 0.000 sec [scan/2/rel 2 (0,20)] [cabinet_core]
[Thu Jul 21 12:51:58.069 2011] 0.000 sec [all/2/rel 3 (0,1000) @tags_facet] [cabinet_core] ecdys
[Thu Jul 21 12:51:58.104 2011] 0.000 sec [all/2/rel 1 (0,20)] [cabinet_core] ecdys
[Thu Jul 21 13:59:34.758 2011] 0.000 sec [scan/2/rel 1 (0,20)] [cabinet_core]
[Thu Jul 21 14:00:18.701 2011] 0.000 sec [scan/2/rel 1 (0,20)] [cabinet_core]
[Thu Jul 21 14:00:54.408 2011] 0.000 sec [scan/2/rel 4 (0,1000) @tags_facet] [cabinet_core]
[Thu Jul 21 14:00:54.457 2011] 0.000 sec [scan/2/rel 2 (0,20)] [cabinet_core]
[Thu Jul 21 14:01:33.635 2011] 0.000 sec [scan/2/rel 4 (0,1000) @tags_facet] [cabinet_core]
[Thu Jul 21 14:01:33.757 2011] 0.000 sec [scan/2/rel 2 (0,20)] [cabinet_core]
[Thu Jul 21 14:01:49.446 2011] 0.000 sec [scan/2/rel 4 (0,1000) @tags_facet] [cabinet_core]
[Thu Jul 21 14:01:49.483 2011] 0.000 sec [scan/2/rel 2 (0,20)] [cabinet_core]
[Thu Jul 21 14:02:46.425 2011] 0.000 sec [scan/2/rel 4 (0,1000) @tags_facet] [cabinet_core]
[Thu Jul 21 14:06:22.030 2011] 0.000 sec [scan/2/rel 4 (0,1000) @tags_facet] [cabinet_core]
[Thu Jul 21 14:06:22.068 2011] 0.000 sec [scan/3/rel 0 (0,20)] [cabinet_core]
[Thu Jul 21 14:06:37.405 2011] 0.000 sec [scan/2/rel 4 (0,1000) @tags_facet] [cabinet_core]
[Thu Jul 21 14:07:49.138 2011] 0.000 sec [scan/2/rel 4 (0,1000) @tags_facet] [cabinet_core]
[Thu Jul 21 14:07:49.240 2011] 0.000 sec [scan/2/rel 2 (0,20)] [cabinet_core]
[Thu Jul 21 14:07:55.060 2011] 0.000 sec [scan/2/rel 4 (0,1000) @tags_facet] [cabinet_core]
[Thu Jul 21 14:07:55.098 2011] 0.000 sec [scan/3/rel 0 (0,20)] [cabinet_core]
[Thu Jul 21 14:58:41.099 2011] 0.000 sec [scan/2/rel 4 (0,1000) @tags_facet] [cabinet_core]
[Thu Jul 21 14:58:53.839 2011] 0.000 sec [scan/2/rel 4 (0,1000) @tags_facet] [cabinet_core]
[Thu Jul 21 14:58:53.938 2011] 0.000 sec [scan/3/rel 0 (0,20)] [cabinet_core]
[Thu Jul 21 14:59:43.883 2011] 0.000 sec [scan/2/rel 4 (0,1000) @tags_facet] [cabinet_core]
[Thu Jul 21 14:59:43.922 2011] 0.000 sec [scan/3/rel 0 (0,20)] [cabinet_core]
[Thu Jul 21 14:59:48.773 2011] 0.000 sec [scan/2/rel 4 (0,1000) @tags_facet] [cabinet_core]
[Thu Jul 21 14:59:48.809 2011] 0.000 sec [scan/2/rel 2 (0,20)] [cabinet_core]
[Thu Jul 21 15:00:06.446 2011] 0.000 sec [scan/2/rel 4 (0,1000) @tags_facet] [cabinet_core]
[Thu Jul 21 15:00:06.482 2011] 0.000 sec [scan/3/rel 0 (0,20)] [cabinet_core]
[Thu Jul 21 15:01:20.752 2011] 0.000 sec [scan/2/rel 4 (0,1000) @tags_facet] [cabinet_core]
[Thu Jul 21 15:01:20.787 2011] 0.000 sec [scan/2/rel 2 (0,20)] [cabinet_core]
[Thu Jul 21 15:09:31.406 2011] 0.000 sec [scan/2/rel 2 (0,1000) @tags] [cabinet_core]
[Thu Jul 21 15:15:43.488 2011] 0.001 sec [scan/2/rel 2 (0,1000) @tags] [cabinet_core]
[Thu Jul 21 15:16:02.755 2011] 0.001 sec [scan/2/rel 2 (0,1000) @tags] [cabinet_core]
[Thu Jul 21 15:16:17.327 2011] 0.000 sec [scan/2/rel 2 (0,1000) @tags] [cabinet_core]
[Thu Jul 21 15:16:17.342 2011] 0.000 sec [scan/2/rel 2 (0,20)] [cabinet_core]
[Thu Jul 21 15:29:55.433 2011] 0.047 sec [scan/2/rel 4 (0,1000) @tags] [cabinet_core]
[Thu Jul 21 15:29:55.505 2011] 0.000 sec [scan/2/rel 2 (0,20)] [cabinet_core]
[Thu Jul 21 15:34:40.557 2011] 0.002 sec [scan/2/rel 4 (0,1000) @tags] [cabinet_core]
[Thu Jul 21 15:36:31.642 2011] 0.000 sec [scan/2/rel 4 (0,1000) @tags] [cabinet_core]
[Thu Jul 21 15:36:31.700 2011] 0.000 sec [scan/2/rel 2 (0,20)] [cabinet_core]
[Thu Jul 21 15:37:27.443 2011] 0.000 sec [scan/2/rel 4 (0,1000) @tags] [cabinet_core]
[Thu Jul 21 15:37:27.493 2011] 0.000 sec [scan/3/rel 2 (0,20)] [cabinet_core]
[Thu Jul 21 15:37:32.798 2011] 0.000 sec [scan/2/rel 4 (0,1000) @tags] [cabinet_core]
[Thu Jul 21 15:37:32.892 2011] 0.000 sec [scan/3/rel 1 (0,20)] [cabinet_core]
[Thu Jul 21 15:37:37.137 2011] 0.000 sec [scan/2/rel 4 (0,1000) @tags] [cabinet_core]
[Thu Jul 21 15:37:37.164 2011] 0.000 sec [scan/3/rel 2 (0,20)] [cabinet_core]
[Thu Jul 21 15:37:47.457 2011] 0.000 sec [scan/2/rel 4 (0,1000) @tags] [cabinet_core]
[Thu Jul 21 15:37:47.471 2011] 0.000 sec [scan/2/rel 2 (0,20)] [cabinet_core]
[Thu Jul 21 15:59:54.129 2011] 0.000 sec [scan/2/rel 4 (0,1000) @tags] [cabinet_core]
[Thu Jul 21 15:59:54.196 2011] 0.000 sec [scan/2/rel 2 (0,20)] [cabinet_core]
[Thu Jul 21 15:59:57.720 2011] 0.000 sec [scan/2/rel 4 (0,1000) @tags] [cabinet_core]
[Thu Jul 21 15:59:57.736 2011] 0.000 sec [scan/3/rel 1 (0,20)] [cabinet_core]
[Thu Jul 21 17:22:02.007 2011] 0.000 sec [scan/2/rel 4 (0,1000) @tags] [cabinet_core]
[Thu Jul 21 17:22:02.059 2011] 0.000 sec [scan/2/rel 2 (0,20)] [cabinet_core]
[Thu Jul 21 17:31:08.024 2011] 0.000 sec [scan/3/rel 1 (0,20)] [cabinet_core]
[Thu Jul 21 17:31:41.801 2011] 0.000 sec [scan/3/rel 1 (0,20)] [cabinet_core]
[Thu Jul 21 17:44:03.351 2011] 0.000 sec [scan/3/rel 1 (0,20)] [cabinet_core]
[Thu Jul 21 17:57:14.792 2011] 0.000 sec [scan/3/rel 1 (0,20)] [cabinet_core]
[Thu Jul 21 17:58:43.088 2011] 0.000 sec [scan/3/rel 1 (0,20)] [cabinet_core]
[Thu Jul 21 17:59:11.690 2011] 0.000 sec [scan/3/rel 1 (0,20)] [cabinet_core]
[Fri Jul 22 11:02:15.628 2011] 0.043 sec [scan/2/rel 4 (0,1000) @tags] [cabinet_core]
[Fri Jul 22 11:02:15.663 2011] 0.000 sec [scan/2/rel 2 (0,20)] [cabinet_core]
[Fri Jul 22 13:06:27.886 2011] 0.000 sec [scan/2/rel 1 (0,20)] [cabinet_core]
[Fri Jul 22 13:10:49.287 2011] 0.000 sec [scan/2/rel 1 (0,20)] [cabinet_core]
[Fri Jul 22 15:45:20.222 2011] 0.000 sec [scan/3/rel 2 (0,20)] [cabinet_core]
[Fri Jul 22 15:47:08.170 2011] 0.000 sec [scan/3/rel 2 (0,20)] [cabinet_core]
[Fri Jul 22 17:47:08.810 2011] 0.000 sec [scan/2/rel 4 (0,1000) @tags] [cabinet_core]
[Fri Jul 22 17:47:08.860 2011] 0.000 sec [scan/2/rel 2 (0,20)] [cabinet_core]
[Fri Jul 22 17:47:14.161 2011] 0.023 sec [all/2/rel 0 (0,1000) @tags] [cabinet_core] issy
[Fri Jul 22 17:47:14.168 2011] 0.000 sec [all/2/rel 0 (0,20)] [cabinet_core] issy
[Fri Jul 22 17:47:18.754 2011] 0.000 sec [all/2/rel 0 (0,1000) @tags] [cabinet_core] paris
[Fri Jul 22 17:47:18.761 2011] 0.000 sec [all/2/rel 0 (0,20)] [cabinet_core] paris
[Fri Jul 22 17:47:35.254 2011] 0.075 sec [all/2/rel 0 (0,1000) @tags] [cabinet_core] Issy-les-Moulineaux
[Fri Jul 22 17:47:35.261 2011] 0.000 sec [all/2/rel 0 (0,20)] [cabinet_core] Issy-les-Moulineaux
[Fri Jul 22 17:48:53.474 2011] 0.000 sec [all/2/rel 0 (0,1000) @tags] [cabinet_core] Issy-les-Moulineaux
[Fri Jul 22 17:48:53.482 2011] 0.000 sec [all/2/rel 0 (0,20)] [cabinet_core] Issy-les-Moulineaux
[Fri Jul 22 17:49:01.784 2011] 0.000 sec [all/2/rel 0 (0,1000) @tags] [cabinet_core] Issy-les-Moulineaux
[Fri Jul 22 17:49:01.791 2011] 0.000 sec [all/2/rel 0 (0,20)] [cabinet_core] Issy-les-Moulineaux
[Fri Jul 22 17:49:06.590 2011] 0.001 sec [all/2/rel 0 (0,1000) @tags] [cabinet_core] Issy-les-Moulineaux
[Fri Jul 22 17:49:06.603 2011] 0.000 sec [all/2/rel 0 (0,20)] [cabinet_core] Issy-les-Moulineaux
[Fri Jul 22 17:49:33.968 2011] 0.001 sec [all/2/rel 3 (0,1000) @tags] [cabinet_core] Issy-les-Moulineaux
[Fri Jul 22 17:49:33.980 2011] 0.000 sec [all/2/rel 1 (0,20)] [cabinet_core] Issy-les-Moulineaux
[Fri Jul 22 17:49:39.115 2011] 0.000 sec [all/2/rel 3 (0,1000) @tags] [cabinet_core] Issy
[Fri Jul 22 17:49:39.122 2011] 0.000 sec [all/2/rel 1 (0,20)] [cabinet_core] Issy
[Fri Jul 22 17:49:44.554 2011] 0.000 sec [all/2/rel 0 (0,1000) @tags] [cabinet_core] 92
[Fri Jul 22 17:49:44.562 2011] 0.000 sec [all/2/rel 0 (0,20)] [cabinet_core] 92
[Fri Jul 22 17:49:52.615 2011] 0.000 sec [all/2/rel 3 (0,1000) @tags] [cabinet_core] 92130
[Fri Jul 22 17:49:52.622 2011] 0.000 sec [all/2/rel 1 (0,20)] [cabinet_core] 92130
[Fri Jul 22 17:50:00.732 2011] 0.001 sec [all/2/rel 0 (0,1000) @tags] [cabinet_core] ile de france
[Fri Jul 22 17:50:00.741 2011] 0.000 sec [all/2/rel 0 (0,20)] [cabinet_core] ile de france
[Fri Jul 22 17:50:06.931 2011] 0.001 sec [all/2/rel 0 (0,1000) @tags] [cabinet_core] ile-de-france
[Fri Jul 22 17:50:06.941 2011] 0.002 sec [all/2/rel 0 (0,20)] [cabinet_core] ile-de-france
[Fri Jul 22 17:50:12.109 2011] 0.001 sec [all/2/rel 3 (0,1000) @tags] [cabinet_core] île-de-france
[Fri Jul 22 17:50:12.117 2011] 0.000 sec [all/2/rel 1 (0,20)] [cabinet_core] île-de-france
[Fri Jul 22 17:51:59.200 2011] 0.001 sec [all/2/rel 3 (0,1000) @tags] [cabinet_core] île-de-france
[Fri Jul 22 17:51:59.221 2011] 0.000 sec [all/2/rel 1 (0,20)] [cabinet_core] île-de-france
[Fri Jul 22 17:52:06.583 2011] 0.000 sec [scan/2/rel 4 (0,1000) @tags] [cabinet_core]
[Fri Jul 22 17:52:06.597 2011] 0.000 sec [scan/2/rel 2 (0,20)] [cabinet_core]
[Fri Jul 22 18:26:15.014 2011] 0.036 sec [scan/3/ext 2 (0,20)] [cabinet_core]
[Fri Jul 22 18:26:20.435 2011] 0.000 sec [scan/3/ext 2 (0,20)] [cabinet_core]
[Fri Jul 22 18:26:48.261 2011] 0.000 sec [scan/3/ext 2 (0,20)] [cabinet_core]
[Fri Jul 22 18:27:04.437 2011] 0.000 sec [scan/3/ext 2 (0,20)] [cabinet_core]
[Fri Jul 22 18:28:38.645 2011] 0.000 sec [scan/4/ext 1 (0,20)] [cabinet_core]
[Fri Jul 22 18:28:46.003 2011] 0.000 sec [scan/4/ext 1 (0,20)] [cabinet_core]
[Fri Jul 22 18:37:58.066 2011] 0.000 sec [scan/4/ext 1 (0,20)] [cabinet_core]
[Fri Jul 22 18:40:03.067 2011] 0.000 sec [scan/4/ext 1 (0,20)] [cabinet_core]
[Fri Jul 22 18:40:03.073 2011] 0.000 sec [scan/4/ext 1 (0,20)] [cabinet_core]
[Fri Jul 22 18:42:06.939 2011] 0.000 sec [scan/2/rel 4 (0,1000) @tags] [cabinet_core]
[Fri Jul 22 18:42:06.963 2011] 0.000 sec [scan/2/rel 2 (0,20)] [cabinet_core]
[Fri Jul 22 18:42:24.482 2011] 0.017 sec [all/2/rel 4 (0,1000) @tags] [cabinet_core] france
[Fri Jul 22 18:42:24.498 2011] 0.000 sec [all/2/rel 2 (0,20)] [cabinet_core] france
[Fri Jul 22 18:42:44.784 2011] 0.000 sec [all/2/rel 4 (0,1000) @tags] [cabinet_core] france
[Fri Jul 22 18:42:44.800 2011] 0.000 sec [all/3/rel 2 (0,20)] [cabinet_core] france
[Fri Jul 22 18:44:35.847 2011] 0.000 sec [scan/2/rel 4 (0,1000) @tags] [cabinet_core]
[Fri Jul 22 18:44:35.864 2011] 0.000 sec [scan/2/rel 2 (0,20)] [cabinet_core]
[Fri Jul 22 18:44:40.973 2011] 0.000 sec [scan/2/rel 4 (0,1000) @tags] [cabinet_core]
[Fri Jul 22 18:44:40.987 2011] 0.000 sec [scan/3/rel 2 (0,20)] [cabinet_core]
